<?xml version="1.0" encoding="UTF-8"?>
<testsuite name="org.ait.phonebook.RemoveContactTests" tests="1" skipped="0" failures="0" errors="0" timestamp="2023-09-07T10:27:33" hostname="DESKTOP-OS617JJ" time="1.765">
  <properties/>
  <testcase name="RemoveContactPositiveTest" classname="org.ait.phonebook.RemoveContactTests" time="1.765"/>
  <system-out><![CDATA[]]></system-out>
  <system-err><![CDATA[]]></system-err>
</testsuite>
