<?xml version="1.0" encoding="UTF-8"?>
<testsuite name="org.ait.phonebook.AddContactTests" tests="1" skipped="0" failures="0" errors="0" timestamp="2023-09-07T10:27:18" hostname="DESKTOP-OS617JJ" time="2.299">
  <properties/>
  <testcase name="addContactPositiveTest" classname="org.ait.phonebook.AddContactTests" time="2.299"/>
  <system-out><![CDATA[]]></system-out>
  <system-err><![CDATA[]]></system-err>
</testsuite>
